<?xml version="1.0" encoding="UTF-8"?>
<Site BuildName="Win32-mingw32-make"
	BuildStamp="20240114-2226-Experimental"
	Name="DESKTOP-HNPHASO"
	Generator="ctest-3.23.1"
	CompilerName="C:/MinGW/bin/g++.exe"
	CompilerVersion="6.3.0"
	OSName="Windows"
	Hostname="DESKTOP-HNPHASO"
	OSRelease=" Personal"
	OSVersion=" (Build 19045)"
	OSPlatform="AMD64"
	Is64Bits="1"
	VendorString="AuthenticAMD"
	VendorID="Advanced Micro Devices"
	FamilyID="15"
	ModelID="1"
	ProcessorCacheSize="64"
	NumberOfLogicalCPU="16"
	NumberOfPhysicalCPU="8"
	TotalVirtualMemory="21952"
	TotalPhysicalMemory="16320"
	LogicalProcessorsPerPhysical="2"
	ProcessorClockFrequency="3593"
	>
	<Testing>
		<StartDateTime>Jan 14 22:29 GMT Standard Time</StartDateTime>
		<StartTestTime>1705271343</StartTestTime>
		<TestList/>
		<EndDateTime>Jan 14 22:29 GMT Standard Time</EndDateTime>
		<EndTestTime>1705271343</EndTestTime>
		<ElapsedMinutes>0</ElapsedMinutes>
	</Testing>
</Site>
